mode: set
github.com/darkphotonKN/age-of-carnath/internal/game/game.go:75.52,83.2 3 1
github.com/darkphotonKN/age-of-carnath/internal/game/game.go:88.50,92.2 3 0
github.com/darkphotonKN/age-of-carnath/internal/game/game.go:97.55,100.37 2 1
github.com/darkphotonKN/age-of-carnath/internal/game/game.go:100.37,104.48 3 1
github.com/darkphotonKN/age-of-carnath/internal/game/game.go:104.48,112.4 1 1
github.com/darkphotonKN/age-of-carnath/internal/game/game.go:114.2,114.21 1 1
github.com/darkphotonKN/age-of-carnath/internal/game/game.go:122.52,144.2 7 1
github.com/darkphotonKN/age-of-carnath/internal/game/game.go:149.43,162.2 2 1
