mode: set
github.com/darkphotonKN/age-of-carnath/internal/game/game.go:75.52,83.2 3 1
github.com/darkphotonKN/age-of-carnath/internal/game/game.go:88.50,92.2 3 0
github.com/darkphotonKN/age-of-carnath/internal/game/game.go:97.55,100.37 2 1
github.com/darkphotonKN/age-of-carnath/internal/game/game.go:100.37,104.48 3 1
github.com/darkphotonKN/age-of-carnath/internal/game/game.go:104.48,112.4 1 1
github.com/darkphotonKN/age-of-carnath/internal/game/game.go:114.2,114.21 1 1
github.com/darkphotonKN/age-of-carnath/internal/game/game.go:122.52,145.2 8 1
github.com/darkphotonKN/age-of-carnath/internal/game/game.go:150.43,157.6 4 1
github.com/darkphotonKN/age-of-carnath/internal/game/game.go:157.6,168.20 6 1
github.com/darkphotonKN/age-of-carnath/internal/game/game.go:168.20,169.9 1 1
github.com/darkphotonKN/age-of-carnath/internal/game/game.go:173.2,178.35 2 1
